[src.data_loader] 2026-03-25 15:39:11,795 - INFO - Loading training and testing datasets from disk...
[src.data_loader] 2026-03-25 15:39:13,023 - INFO - Train shape: (175341, 45) | Test shape: (82332, 45)
[src.binary_classifier] 2026-03-25 15:39:13,024 - INFO - Starting binary classification pipeline...
[src.data_loader] 2026-03-25 15:39:13,024 - INFO - Loading training and testing datasets from disk...
[src.data_loader] 2026-03-25 15:39:14,377 - INFO - Train shape: (175341, 45) | Test shape: (82332, 45)
[src.data_loader] 2026-03-25 15:39:14,377 - INFO - Preparing data pipeline for binary classification...
[src.data_loader] 2026-03-25 15:39:14,377 - INFO - Cleaning dataset: normalizing column names and handling missing values...
[src.data_loader] 2026-03-25 15:39:14,549 - INFO - Dropped 0 missing values. Remaining nulls: 0
[src.data_loader] 2026-03-25 15:39:14,550 - INFO - Cleaning dataset: normalizing column names and handling missing values...
[src.data_loader] 2026-03-25 15:39:14,632 - INFO - Dropped 0 missing values. Remaining nulls: 0
[src.data_loader] 2026-03-25 15:39:14,632 - INFO - Encoding categorical features using LabelEncoder: ['proto', 'service', 'state']
[src.data_loader] 2026-03-25 15:39:14,808 - INFO - Categorical encoding completed successfully.
[src.data_loader] 2026-03-25 15:39:14,809 - INFO - Splitting features and target column: 'label'...
[src.data_loader] 2026-03-25 15:39:14,812 - INFO - x_train: (175341, 42) | x_test: (82332, 42)
[src.data_loader] 2026-03-25 15:39:14,812 - INFO - Binary classification data pipeline complete.
[src.binary_classifier] 2026-03-25 15:39:14,813 - INFO - Training XGBoost binary classifier (Label: 0=Normal, 1=Attack)...
[src.binary_classifier] 2026-03-25 15:39:17,546 - INFO - Binary model training complete.
[src.binary_classifier] 2026-03-25 15:39:17,546 - INFO - Evaluating binary model and computing metrics...
[src.binary_classifier] 2026-03-25 15:39:17,677 - INFO - Precision:  0.8192
[src.binary_classifier] 2026-03-25 15:39:17,677 - INFO - Recall:     0.9876
[src.binary_classifier] 2026-03-25 15:39:17,678 - INFO - F1-Score:   0.8956
[src.binary_classifier] 2026-03-25 15:39:17,678 - INFO - FPR:        0.2670
[src.binary_classifier] 2026-03-25 15:39:17,678 - INFO - FNR:        0.0124
[src.binary_classifier] 2026-03-25 15:39:17,718 - INFO - 
Classification Report:
              precision    recall  f1-score   support

           0       0.98      0.73      0.84     37000
           1       0.82      0.99      0.90     45332

    accuracy                           0.87     82332
   macro avg       0.90      0.86      0.87     82332
weighted avg       0.89      0.87      0.87     82332

[src.binary_classifier] 2026-03-25 15:39:17,719 - INFO - Plotting binary confusion matrix...
[src.binary_classifier] 2026-03-25 15:39:18,087 - INFO - Confusion matrix saved to results\binary\confusion_matrix.png
[src.binary_classifier] 2026-03-25 15:39:18,114 - INFO - Binary classification pipeline complete.
[src.multiclass_classifier] 2026-03-25 15:39:18,135 - INFO - Starting multi-class classification pipeline...
[src.data_loader] 2026-03-25 15:39:18,135 - INFO - Loading training and testing datasets from disk...
[src.data_loader] 2026-03-25 15:39:19,422 - INFO - Train shape: (175341, 45) | Test shape: (82332, 45)
[src.data_loader] 2026-03-25 15:39:19,422 - INFO - Preparing data pipeline for multi-class classification...
[src.data_loader] 2026-03-25 15:39:19,422 - INFO - Cleaning dataset: normalizing column names and handling missing values...
[src.data_loader] 2026-03-25 15:39:19,574 - INFO - Dropped 0 missing values. Remaining nulls: 0
[src.data_loader] 2026-03-25 15:39:19,574 - INFO - Cleaning dataset: normalizing column names and handling missing values...
[src.data_loader] 2026-03-25 15:39:19,646 - INFO - Dropped 0 missing values. Remaining nulls: 0
[src.data_loader] 2026-03-25 15:39:19,646 - INFO - Encoding categorical features using LabelEncoder: ['proto', 'service', 'state']
[src.data_loader] 2026-03-25 15:39:19,784 - INFO - Categorical encoding completed successfully.
[src.data_loader] 2026-03-25 15:39:19,786 - INFO - Encoding target column 'attack_cat' for multi-class classification...
[src.data_loader] 2026-03-25 15:39:19,848 - INFO - Attack categories encoded: ['Analysis', 'Backdoor', 'DoS', 'Exploits', 'Fuzzers', 'Generic', 'Normal', 'Reconnaissance', 'Shellcode', 'Worms']
[src.data_loader] 2026-03-25 15:39:19,850 - INFO - Splitting features and target column: 'attack_cat'...
[src.data_loader] 2026-03-25 15:39:19,853 - INFO - x_train: (175341, 42) | x_test: (82332, 42)
[src.data_loader] 2026-03-25 15:39:19,853 - INFO - Multi-class classification data pipeline complete.
[src.multiclass_classifier] 2026-03-25 15:39:19,854 - INFO - Training XGBoost multi-class classifier (attack_cat)...
[src.multiclass_classifier] 2026-03-25 15:39:27,335 - INFO - Multi-class model training complete.
[src.multiclass_classifier] 2026-03-25 15:39:27,335 - INFO - Evaluating multi-class model and computing per-class metrics...
[src.multiclass_classifier] 2026-03-25 15:39:27,670 - INFO - 
Classification Report:
                precision    recall  f1-score   support

      Analysis       0.06      0.07      0.06       677
      Backdoor       0.04      0.11      0.06       583
           DoS       0.51      0.07      0.13      4089
      Exploits       0.59      0.86      0.70     11132
       Fuzzers       0.31      0.61      0.41      6062
       Generic       1.00      0.97      0.98     18871
        Normal       0.97      0.76      0.85     37000
Reconnaissance       0.93      0.81      0.86      3496
     Shellcode       0.32      0.75      0.45       378
         Worms       0.60      0.34      0.43        44

      accuracy                           0.77     82332
     macro avg       0.53      0.54      0.49     82332
  weighted avg       0.83      0.77      0.78     82332

[src.multiclass_classifier] 2026-03-25 15:39:27,671 - INFO - [Analysis] Recall: 0.0694 | F1: 0.0632
[src.multiclass_classifier] 2026-03-25 15:39:27,671 - INFO - [Backdoor] Recall: 0.1132 | F1: 0.0590
[src.multiclass_classifier] 2026-03-25 15:39:27,671 - INFO - [DoS] Recall: 0.0748 | F1: 0.1305
[src.multiclass_classifier] 2026-03-25 15:39:27,672 - INFO - [Exploits] Recall: 0.8582 | F1: 0.7014
[src.multiclass_classifier] 2026-03-25 15:39:27,672 - INFO - [Fuzzers] Recall: 0.6061 | F1: 0.4091
[src.multiclass_classifier] 2026-03-25 15:39:27,672 - INFO - [Generic] Recall: 0.9698 | F1: 0.9827
[src.multiclass_classifier] 2026-03-25 15:39:27,672 - INFO - [Normal] Recall: 0.7555 | F1: 0.8482
[src.multiclass_classifier] 2026-03-25 15:39:27,673 - INFO - [Reconnaissance] Recall: 0.8084 | F1: 0.8644
[src.multiclass_classifier] 2026-03-25 15:39:27,673 - INFO - [Shellcode] Recall: 0.7540 | F1: 0.4453
[src.multiclass_classifier] 2026-03-25 15:39:27,673 - INFO - [Worms] Recall: 0.3409 | F1: 0.4348
[src.multiclass_classifier] 2026-03-25 15:39:27,674 - INFO - Plotting multi-class confusion matrix...
[src.multiclass_classifier] 2026-03-25 15:39:28,148 - INFO - Multi-class confusion matrix saved to results\multiclass\confusion_matrix.png
[src.multiclass_classifier] 2026-03-25 15:39:28,159 - INFO - Plotting per-class Recall and F1-score bar charts...
[src.multiclass_classifier] 2026-03-25 15:39:28,529 - INFO - Per-class metrics chart saved to results\multiclass\per_class_metrics.png
[src.multiclass_classifier] 2026-03-25 15:39:28,539 - INFO - Multi-class classification pipeline complete.
[src.feature_semantics] 2026-03-25 15:39:28,553 - INFO - Starting feature semantics analysis pipeline...
[src.feature_semantics] 2026-03-25 15:39:28,554 - INFO - Building structured feature semantics table...
[src.feature_semantics] 2026-03-25 15:39:28,555 - INFO - Feature table built with 4 groups.
[src.feature_semantics] 2026-03-25 15:39:28,555 - INFO - Saving feature semantics table as CSV...
[src.feature_semantics] 2026-03-25 15:39:28,563 - INFO - Feature table saved to results\feature_semantics\feature_groups.csv
[src.feature_semantics] 2026-03-25 15:39:28,566 - INFO - Plotting feature count per group...
[src.feature_semantics] 2026-03-25 15:39:28,850 - INFO - Feature group count plot saved to results\feature_semantics\feature_group_counts.png
[src.feature_semantics] 2026-03-25 15:39:28,861 - INFO - Analyzing feature distributions across normal and attack traffic...
[src.data_loader] 2026-03-25 15:39:28,862 - INFO - Loading training and testing datasets from disk...
[src.data_loader] 2026-03-25 15:39:30,191 - INFO - Train shape: (175341, 45) | Test shape: (82332, 45)
[src.feature_semantics] 2026-03-25 15:39:31,813 - INFO - Feature distribution plot saved to results\feature_semantics\feature_distributions.png
[src.feature_semantics] 2026-03-25 15:39:31,837 - INFO - Feature semantics pipeline complete.
[src.attack_profiling] 2026-03-25 15:39:31,837 - INFO - Starting attack behavior profiling pipeline...
[src.attack_profiling] 2026-03-25 15:39:31,837 - INFO - Loading and preparing data for attack behavior profiling...
[src.data_loader] 2026-03-25 15:39:31,839 - INFO - Loading training and testing datasets from disk...
[src.data_loader] 2026-03-25 15:39:33,115 - INFO - Train shape: (175341, 45) | Test shape: (82332, 45)
[src.attack_profiling] 2026-03-25 15:39:33,223 - INFO - Combined dataset shape: (257673, 45) | Attack categories: ['Normal', 'Backdoor', 'Analysis', 'Fuzzers', 'Shellcode', 'Reconnaissance', 'Exploits', 'DoS', 'Worms', 'Generic']
[src.attack_profiling] 2026-03-25 15:39:33,237 - INFO - Computing attack behavior statistics for: ['DoS', 'Exploits', 'Reconnaissance']...
[src.attack_profiling] 2026-03-25 15:39:33,309 - INFO - Attack statistics saved to results\attack_profiling\attack_statistics.csv
[src.attack_profiling] 2026-03-25 15:39:33,313 - INFO - Plotting load feature comparison across attack categories...
[src.attack_profiling] 2026-03-25 15:39:33,848 - INFO - Load comparison plot saved to results\attack_profiling\load_comparison.png
[src.attack_profiling] 2026-03-25 15:39:33,865 - INFO - Plotting packet feature comparison across attack categories...
[src.attack_profiling] 2026-03-25 15:39:34,365 - INFO - Packet comparison plot saved to results\attack_profiling\packet_comparison.png
[src.attack_profiling] 2026-03-25 15:39:34,382 - INFO - Plotting duration comparison across attack categories...
[src.attack_profiling] 2026-03-25 15:39:34,707 - INFO - Duration comparison plot saved to results\attack_profiling\duration_comparison.png
[src.attack_profiling] 2026-03-25 15:39:34,724 - INFO - Plotting top service usage per attack category...
[src.attack_profiling] 2026-03-25 15:39:35,236 - INFO - Service usage plot saved to results\attack_profiling\service_usage.png
[src.attack_profiling] 2026-03-25 15:39:35,254 - INFO - Plotting heatmap summary of mean feature values per attack...
[src.attack_profiling] 2026-03-25 15:39:35,629 - INFO - Heatmap summary saved to results\attack_profiling\heatmap_summary.png
[src.attack_profiling] 2026-03-25 15:39:35,645 - INFO - Attack profiling pipeline complete.
[src.false_negatives] 2026-03-25 15:39:35,655 - INFO - Starting false negative analysis pipeline...
[src.data_loader] 2026-03-25 15:39:35,655 - INFO - Loading training and testing datasets from disk...
[src.data_loader] 2026-03-25 15:39:36,900 - INFO - Train shape: (175341, 45) | Test shape: (82332, 45)
[src.data_loader] 2026-03-25 15:39:36,900 - INFO - Preparing data pipeline for binary classification...
[src.data_loader] 2026-03-25 15:39:36,901 - INFO - Cleaning dataset: normalizing column names and handling missing values...
[src.data_loader] 2026-03-25 15:39:37,028 - INFO - Dropped 0 missing values. Remaining nulls: 0
[src.data_loader] 2026-03-25 15:39:37,028 - INFO - Cleaning dataset: normalizing column names and handling missing values...
[src.data_loader] 2026-03-25 15:39:37,097 - INFO - Dropped 0 missing values. Remaining nulls: 0
[src.data_loader] 2026-03-25 15:39:37,097 - INFO - Encoding categorical features using LabelEncoder: ['proto', 'service', 'state']
[src.data_loader] 2026-03-25 15:39:37,261 - INFO - Categorical encoding completed successfully.
[src.data_loader] 2026-03-25 15:39:37,263 - INFO - Splitting features and target column: 'label'...
[src.data_loader] 2026-03-25 15:39:37,264 - INFO - x_train: (175341, 42) | x_test: (82332, 42)
[src.data_loader] 2026-03-25 15:39:37,264 - INFO - Binary classification data pipeline complete.
[src.binary_classifier] 2026-03-25 15:39:37,265 - INFO - Training XGBoost binary classifier (Label: 0=Normal, 1=Attack)...
[src.binary_classifier] 2026-03-25 15:39:38,065 - INFO - Binary model training complete.
[src.false_negatives] 2026-03-25 15:39:38,065 - INFO - Extracting false negative samples (attacks classified as normal)...
[src.false_negatives] 2026-03-25 15:39:38,261 - INFO - Found 560 false negatives out of 45332 total attack samples.
[src.false_negatives] 2026-03-25 15:39:38,261 - INFO - Comparing false negative feature profiles vs true normal traffic...
[src.false_negatives] 2026-03-25 15:39:38,279 - INFO - FN vs normal comparison saved to results\false_negatives\fn_vs_normal_comparison.csv
[src.false_negatives] 2026-03-25 15:39:38,282 - INFO - Saving top 10 false negative examples to CSV...
[src.false_negatives] 2026-03-25 15:39:38,285 - INFO - False negative examples saved to results\false_negatives\fn_examples.csv
[src.false_negatives] 2026-03-25 15:39:38,285 - INFO - Plotting feature distributions: false negatives vs normal traffic...
[src.false_negatives] 2026-03-25 15:39:39,416 - INFO - FN feature distribution plot saved to results\false_negatives\fn_feature_distributions.png
[src.false_negatives] 2026-03-25 15:39:39,429 - INFO - Plotting heatmap of false negative feature means...
[src.false_negatives] 2026-03-25 15:39:39,681 - INFO - FN heatmap saved to results\false_negatives\fn_heatmap.png
[src.false_negatives] 2026-03-25 15:39:39,692 - INFO - False negative analysis pipeline complete.
[src.false_positives] 2026-03-25 15:39:39,704 - INFO - Starting false positive analysis pipeline...
[src.data_loader] 2026-03-25 15:39:39,705 - INFO - Loading training and testing datasets from disk...
[src.data_loader] 2026-03-25 15:39:40,999 - INFO - Train shape: (175341, 45) | Test shape: (82332, 45)
[src.data_loader] 2026-03-25 15:39:41,000 - INFO - Preparing data pipeline for binary classification...
[src.data_loader] 2026-03-25 15:39:41,000 - INFO - Cleaning dataset: normalizing column names and handling missing values...
[src.data_loader] 2026-03-25 15:39:41,145 - INFO - Dropped 0 missing values. Remaining nulls: 0
[src.data_loader] 2026-03-25 15:39:41,146 - INFO - Cleaning dataset: normalizing column names and handling missing values...
[src.data_loader] 2026-03-25 15:39:41,221 - INFO - Dropped 0 missing values. Remaining nulls: 0
[src.data_loader] 2026-03-25 15:39:41,222 - INFO - Encoding categorical features using LabelEncoder: ['proto', 'service', 'state']
[src.data_loader] 2026-03-25 15:39:41,370 - INFO - Categorical encoding completed successfully.
[src.data_loader] 2026-03-25 15:39:41,371 - INFO - Splitting features and target column: 'label'...
[src.data_loader] 2026-03-25 15:39:41,372 - INFO - x_train: (175341, 42) | x_test: (82332, 42)
[src.data_loader] 2026-03-25 15:39:41,372 - INFO - Binary classification data pipeline complete.
[src.binary_classifier] 2026-03-25 15:39:41,373 - INFO - Training XGBoost binary classifier (Label: 0=Normal, 1=Attack)...
[src.binary_classifier] 2026-03-25 15:39:42,244 - INFO - Binary model training complete.
[src.false_positives] 2026-03-25 15:39:42,245 - INFO - Extracting false positive samples (normal traffic classified as attack)...
[src.false_positives] 2026-03-25 15:39:42,307 - INFO - Found 9878 false positives out of 37000 total normal samples.
[src.false_positives] 2026-03-25 15:39:42,307 - INFO - Comparing false positive feature profiles vs true attack traffic...
[src.false_positives] 2026-03-25 15:39:42,346 - INFO - FP vs attacks comparison saved to results\false_positives\fp_vs_attacks_comparison.csv
[src.false_positives] 2026-03-25 15:39:42,352 - INFO - Saving top 10 false positive examples to CSV...
[src.false_positives] 2026-03-25 15:39:42,355 - INFO - False positive examples saved to results\false_positives\fp_examples.csv
[src.false_positives] 2026-03-25 15:39:42,356 - INFO - Plotting feature distributions: false positives vs true attack traffic...
[src.false_positives] 2026-03-25 15:39:43,557 - INFO - FP feature distribution plot saved to results\false_positives\fp_feature_distributions.png
[src.false_positives] 2026-03-25 15:39:43,572 - INFO - Plotting load comparison: false positives vs normal traffic...
[src.false_positives] 2026-03-25 15:39:43,927 - INFO - FP load vs normal plot saved to results\false_positives\fp_load_vs_normal.png
[src.false_positives] 2026-03-25 15:39:43,939 - INFO - Plotting heatmap of false positive feature means...
[src.false_positives] 2026-03-25 15:39:44,301 - INFO - FP heatmap saved to results\false_positives\fp_heatmap.png
[src.false_positives] 2026-03-25 15:39:44,309 - INFO - False positive analysis pipeline complete.
